[INFO] Scanning for projects...
[INFO] 
[INFO] ----------------< com.informationexam:information-exam >----------------
[INFO] Building information-exam 1.0.0
[INFO]   from pom.xml
[INFO] --------------------------------[ jar ]---------------------------------
[INFO] 
[INFO] --- clean:3.3.2:clean (default-clean) @ information-exam ---
[INFO] Deleting C:\Users\SEOL\InformationExamProject\target
[INFO] 
[INFO] --- resources:3.3.1:resources (default-resources) @ information-exam ---
[INFO] Copying 1 resource from src\main\resources to target\classes
[INFO] Copying 14 resources from src\main\resources to target\classes
[INFO] 
[INFO] --- compiler:3.11.0:compile (default-compile) @ information-exam ---
[INFO] Changes detected - recompiling the module! :source
[INFO] Compiling 51 source files with javac [debug release 17] to target\classes
[INFO] Annotation processing is enabled because one or more processors were found
  on the class path. A future release of javac may disable annotation processing
  unless at least one processor is specified by name (-processor), or a search
  path is specified (--processor-path, --processor-module-path), or annotation
  processing is enabled explicitly (-proc:only, -proc:full).
  Use -Xlint:-options to suppress this message.
  Use -proc:none to disable annotation processing.
[INFO] -------------------------------------------------------------
[ERROR] COMPILATION ERROR : 
[INFO] -------------------------------------------------------------
[ERROR] /C:/Users/SEOL/InformationExamProject/src/main/java/com/informationexam/controller/SubjectRestController.java:[34,16] cannot find symbol
  symbol:   method setSubjectId(java.lang.Long)
  location: variable subject of type com.informationexam.model.Subject
[INFO] 1 error
[INFO] -------------------------------------------------------------
[INFO] ------------------------------------------------------------------------
[INFO] BUILD FAILURE
[INFO] ------------------------------------------------------------------------
[INFO] Total time:  4.434 s
[INFO] Finished at: 2026-05-12T22:08:37+09:00
[INFO] ------------------------------------------------------------------------
[ERROR] Failed to execute goal org.apache.maven.plugins:maven-compiler-plugin:3.11.0:compile (default-compile) on project information-exam: Compilation failure
[ERROR] /C:/Users/SEOL/InformationExamProject/src/main/java/com/informationexam/controller/SubjectRestController.java:[34,16] cannot find symbol
[ERROR]   symbol:   method setSubjectId(java.lang.Long)
[ERROR]   location: variable subject of type com.informationexam.model.Subject
[ERROR] -> [Help 1]
[ERROR] 
[ERROR] To see the full stack trace of the errors, re-run Maven with the -e switch.
[ERROR] Re-run Maven using the -X switch to enable full debug logging.
[ERROR] 
[ERROR] For more information about the errors and possible solutions, please read the following articles:
[ERROR] [Help 1] http://cwiki.apache.org/confluence/display/MAVEN/MojoFailureException
